<?xml version="1.0" encoding="UTF-8"?>
<testsuite xmlns:xsi="http://www.w3.org/2001/XMLSchema-instance" xsi:noNamespaceSchemaLocation="https://maven.apache.org/surefire/maven-surefire-plugin/xsd/surefire-test-report.xsd" version="3.0.2" name="com.ayush.bajajassignment.BajajassignmentApplicationTests" time="1.344" tests="1" errors="0" skipped="0" failures="0">
  <properties>
[...]
</properties>
  <testcase name="contextLoads" classname="com.ayush.bajajassignment.BajajassignmentApplicationTests" time="0.319">
    <system-out><![CDATA[15:41:07.946 [main] INFO org.springframework.test.context.support.AnnotationConfigContextLoaderUtils -- Could not detect default configuration classes for test class [com.ayush.bajajassignment.BajajassignmentApplicationTests]: BajajassignmentApplicationTests does not declare any static, non-private, non-final, nested classes annotated with @Configuration.
15:41:07.984 [main] INFO org.springframework.boot.test.context.SpringBootTestContextBootstrapper -- Found @SpringBootConfiguration com.ayush.bajajassignment.BajajassignmentApplication for test class com.ayush.bajajassignment.BajajassignmentApplicationTests

  .   ____          _            __ _ _
 /\\ / ___'_ __ _ _(_)_ __  __ _ \ \ \ \
( ( )\___ | '_ | '_| | '_ \/ _` | \ \ \ \
 \\/  ___)| |_)| | | | | || (_| |  ) ) ) )
  '  |____| .__|_| |_|_| |_\__, | / / / /
 =========|_|==============|___/=/_/_/_/

 :: Spring Boot ::                (v3.5.6)

2025-09-22T15:41:08.148+05:30  INFO 28471 --- [bajajassignment] [           main] c.a.b.BajajassignmentApplicationTests    : Starting BajajassignmentApplicationTests using Java 21.0.7 with PID 28471 (started by amaurya5556 in /Users/amaurya5556/Code/java/bajajassignment)
2025-09-22T15:41:08.149+05:30  INFO 28471 --- [bajajassignment] [           main] c.a.b.BajajassignmentApplicationTests    : No active profile set, falling back to 1 default profile: "default"
2025-09-22T15:41:08.562+05:30  INFO 28471 --- [bajajassignment] [           main] c.a.b.BajajassignmentApplicationTests    : Started BajajassignmentApplicationTests in 0.529 seconds (process running for 0.852)
2025-09-22T15:41:08.564+05:30  INFO 28471 --- [bajajassignment] [           main] c.a.b.runner.ApiTaskRunner               : Application started, running API tasks...
2025-09-22T15:41:08.564+05:30  INFO 28471 --- [bajajassignment] [           main] c.a.b.runner.ApiTaskRunner               : Sending initial request to: https://bfhldevapigw.healthrx.co.in/hiring/generateWebhook/JAVA
2025-09-22T15:41:08.619+05:30 DEBUG 28471 --- [bajajassignment] [           main] o.s.web.client.RestTemplate              : HTTP POST https://bfhldevapigw.healthrx.co.in/hiring/generateWebhook/JAVA
2025-09-22T15:41:08.636+05:30 DEBUG 28471 --- [bajajassignment] [           main] o.s.web.client.RestTemplate              : Accept=[application/json, application/*+json]
2025-09-22T15:41:08.639+05:30 DEBUG 28471 --- [bajajassignment] [           main] o.s.web.client.RestTemplate              : Writing [InitialRequest(name=Ayush Maurya, regNo=2240401124, email=2240401124@stu.manit.ac.in)] with org.springframework.http.converter.json.MappingJackson2HttpMessageConverter
2025-09-22T15:41:08.871+05:30 DEBUG 28471 --- [bajajassignment] [           main] o.s.web.client.RestTemplate              : Response 200 OK
2025-09-22T15:41:08.872+05:30 DEBUG 28471 --- [bajajassignment] [           main] o.s.web.client.RestTemplate              : Reading to [com.ayush.bajajassignment.dto.InitialResponse]
2025-09-22T15:41:08.876+05:30  INFO 28471 --- [bajajassignment] [           main] c.a.b.runner.ApiTaskRunner               : Successfully received webhook URL: https://bfhldevapigw.healthrx.co.in/hiring/testWebhook/JAVA
2025-09-22T15:41:08.876+05:30  INFO 28471 --- [bajajassignment] [           main] c.a.b.runner.ApiTaskRunner               : Access Token received.
2025-09-22T15:41:08.876+05:30  INFO 28471 --- [bajajassignment] [           main] c.a.b.runner.ApiTaskRunner               : Registration number ends in an even number (24). Using Question 2.
2025-09-22T15:41:08.876+05:30  INFO 28471 --- [bajajassignment] [           main] c.a.b.runner.ApiTaskRunner               : Submitting final query to: https://bfhldevapigw.healthrx.co.in/hiring/testWebhook/JAVA
2025-09-22T15:41:08.877+05:30 DEBUG 28471 --- [bajajassignment] [           main] o.s.web.client.RestTemplate              : HTTP POST https://bfhldevapigw.healthrx.co.in/hiring/testWebhook/JAVA
2025-09-22T15:41:08.877+05:30 DEBUG 28471 --- [bajajassignment] [           main] o.s.web.client.RestTemplate              : Accept=[text/plain, application/json, application/*+json, */*]
2025-09-22T15:41:08.877+05:30 DEBUG 28471 --- [bajajassignment] [           main] o.s.web.client.RestTemplate              : Writing [FinalRequest(finalQuery=SELECT e1.EMP_ID, e1.FIRST_NAME, e1.LAST_NAME, d.DEPARTMENT_NAME, COUNT(e2.EMP_ID) AS YOUNGER_EMPLOYEES_COUNT FROM EMPLOYEE e1 JOIN DEPARTMENT d ON e1.DEPARTMENT = d.DEPARTMENT_ID LEFT JOIN EMPLOYEE e2 ON e1.DEPARTMENT = e2.DEPARTMENT AND e2.DOB > e1.DOB GROUP BY e1.EMP_ID, e1.FIRST_NAME, e1.LAST_NAME, d.DEPARTMENT_NAME ORDER BY e1.EMP_ID DESC;)] as "application/json"
2025-09-22T15:41:08.912+05:30 DEBUG 28471 --- [bajajassignment] [           main] o.s.web.client.RestTemplate              : Response 200 OK
2025-09-22T15:41:08.912+05:30 DEBUG 28471 --- [bajajassignment] [           main] o.s.web.client.RestTemplate              : Reading to [java.lang.String] as "application/json"
2025-09-22T15:41:08.912+05:30  INFO 28471 --- [bajajassignment] [           main] c.a.b.runner.ApiTaskRunner               : Submission successful! Response: {"success":true,"message":"Webhook processed successfully"}
]]></system-out>
    <system-err><![CDATA[Mockito is currently self-attaching to enable the inline-mock-maker. This will no longer work in future releases of the JDK. Please add Mockito as an agent to your build as described in Mockito's documentation: https://javadoc.io/doc/org.mockito/mockito-core/latest/org.mockito/org/mockito/Mockito.html#0.3
WARNING: A Java agent has been loaded dynamically (/Users/amaurya5556/.m2/repository/net/bytebuddy/byte-buddy-agent/1.17.7/byte-buddy-agent-1.17.7.jar)
WARNING: If a serviceability tool is in use, please run with -XX:+EnableDynamicAgentLoading to hide this warning
WARNING: If a serviceability tool is not in use, please run with -Djdk.instrument.traceUsage for more information
WARNING: Dynamic loading of agents will be disallowed by default in a future release
]]></system-err>
  </testcase>
</testsuite>